[debug] [2022-02-24T05:31:09.439Z] ----------------------------------------------------------------------
[debug] [2022-02-24T05:31:09.440Z] Command:       D:\nodejs\node.exe C:\Users\ASUS\AppData\Roaming\npm\node_modules\firebase-tools\lib\bin\firebase.js init
[debug] [2022-02-24T05:31:09.441Z] CLI Version:   10.1.5
[debug] [2022-02-24T05:31:09.441Z] Platform:      win32
[debug] [2022-02-24T05:31:09.441Z] Node Version:  v16.13.0
[debug] [2022-02-24T05:31:09.442Z] Time:          Thu Feb 24 2022 11:01:09 GMT+0530 (India Standard Time)
[debug] [2022-02-24T05:31:09.442Z] ----------------------------------------------------------------------
[debug] 
[debug] [2022-02-24T05:31:09.445Z] >>> [apiv2][query] GET https://firebase-public.firebaseio.com/cli.json [none]
[debug] [2022-02-24T05:31:09.527Z] > command requires scopes: ["email","openid","https://www.googleapis.com/auth/cloudplatformprojects.readonly","https://www.googleapis.com/auth/firebase","https://www.googleapis.com/auth/cloud-platform"]
[debug] [2022-02-24T05:31:09.527Z] > authorizing via signed-in user (rihanmohammed26@gmail.com)
[info] 
     ######## #### ########  ######## ########     ###     ######  ########
     ##        ##  ##     ## ##       ##     ##  ##   ##  ##       ##
     ######    ##  ########  ######   ########  #########  ######  ######
     ##        ##  ##    ##  ##       ##     ## ##     ##       ## ##
     ##       #### ##     ## ######## ########  ##     ##  ######  ########

You're about to initialize a Firebase project in this directory:

  D:\Practice\React Practices\linked-clone

Before we get started, keep in mind:

  * You are initializing within an existing Firebase project directory

[debug] [2022-02-24T05:31:10.828Z] <<< [apiv2][status] GET https://firebase-public.firebaseio.com/cli.json 200
[debug] [2022-02-24T05:31:10.829Z] <<< [apiv2][body] GET https://firebase-public.firebaseio.com/cli.json {"cloudBuildErrorAfter":1594252800000,"cloudBuildWarnAfter":1590019200000,"defaultNode10After":1594252800000,"minVersion":"3.0.5","node8DeploysDisabledAfter":1613390400000,"node8RuntimeDisabledAfter":1615809600000,"node8WarnAfter":1600128000000}
[info] 
=== Project Setup
[info] 
[info] First, let's associate this project directory with a Firebase project.
[info] You can create multiple project aliases by running firebase use --add, 
[info] but for now we'll just set up a default project.
[info] 
[debug] [2022-02-24T05:32:21.257Z] Using project from CLI flag: linkedin-clone-1c1a6
[debug] [2022-02-24T05:32:21.258Z] > refreshing access token with scopes: []
[debug] [2022-02-24T05:32:21.259Z] >>> HTTP REQUEST POST https://www.googleapis.com/oauth2/v3/token  
 <request body omitted>
[debug] [2022-02-24T05:32:22.045Z] <<< HTTP RESPONSE 200 {"date":"Thu, 24 Feb 2022 05:32:19 GMT","pragma":"no-cache","cache-control":"no-cache, no-store, max-age=0, must-revalidate","expires":"Mon, 01 Jan 1990 00:00:00 GMT","content-type":"application/json; charset=utf-8","vary":"X-Origin, Referer, Origin,Accept-Encoding","server":"scaffolding on HTTPServer2","x-xss-protection":"0","x-frame-options":"SAMEORIGIN","x-content-type-options":"nosniff","alt-svc":"h3=\":443\"; ma=2592000,h3-29=\":443\"; ma=2592000,h3-Q050=\":443\"; ma=2592000,h3-Q046=\":443\"; ma=2592000,h3-Q043=\":443\"; ma=2592000,quic=\":443\"; ma=2592000; v=\"46,43\"","accept-ranges":"none","transfer-encoding":"chunked"}
[debug] [2022-02-24T05:32:22.067Z] >>> [apiv2][query] GET https://firebase.googleapis.com/v1beta1/projects/linkedin-clone-1c1a6 [none]
[debug] [2022-02-24T05:32:22.926Z] <<< [apiv2][status] GET https://firebase.googleapis.com/v1beta1/projects/linkedin-clone-1c1a6 200
[debug] [2022-02-24T05:32:22.926Z] <<< [apiv2][body] GET https://firebase.googleapis.com/v1beta1/projects/linkedin-clone-1c1a6 {"projectId":"linkedin-clone-1c1a6","projectNumber":"881900584881","displayName":"linkedin-clone","name":"projects/linkedin-clone-1c1a6","resources":{"hostingSite":"linkedin-clone-1c1a6","realtimeDatabaseInstance":"linkedin-clone-1c1a6-default-rtdb","storageBucket":"linkedin-clone-1c1a6.appspot.com","locationId":"us-central"},"state":"ACTIVE"}
[info] i  Using project linkedin-clone-1c1a6 (linkedin-clone) 
[info] 
=== Hosting Setup
[info] 
[info] Your public directory is the folder (relative to your project directory) that
[info] will contain Hosting assets to be uploaded with firebase deploy. If you
[info] have a build process for your assets, use your build's output directory.
[info] 
[debug] [2022-02-24T05:32:39.890Z] >>> [apiv2][query] GET https://www.gstatic.com/firebasejs/releases.json [none]
[debug] [2022-02-24T05:32:40.637Z] <<< [apiv2][status] GET https://www.gstatic.com/firebasejs/releases.json 200
[debug] [2022-02-24T05:32:40.637Z] <<< [apiv2][body] GET https://www.gstatic.com/firebasejs/releases.json {"current":{"version":"9.6.7","browserURL":"https://www.gstatic.com/firebasejs/9.6.7/firebase.js","packageURL":"https://www.gstatic.com/firebasejs/9.6.7/firebase.tgz"},"live":{"version":"9.6","browserURL":"https://www.gstatic.com/firebasejs/live/9.6/firebase.js","packageURL":"https://www.gstatic.com/firebasejs/live/9.6/firebase.tgz"},"components":{"analytics":"https://www.gstatic.com/firebasejs/9.6.7/firebase-analytics.js","app":"https://www.gstatic.com/firebasejs/9.6.7/firebase-app.js","app-check":"https://www.gstatic.com/firebasejs/9.6.7/firebase-app-check.js","auth":"https://www.gstatic.com/firebasejs/9.6.7/firebase-auth.js","auth/cordova":"https://www.gstatic.com/firebasejs/9.6.7/firebase-auth/cordova.js","auth/react-native":"https://www.gstatic.com/firebasejs/9.6.7/firebase-auth/react-native.js","functions":"https://www.gstatic.com/firebasejs/9.6.7/firebase-functions.js","firestore":"https://www.gstatic.com/firebasejs/9.6.7/firebase-firestore.js","firestore/lite":"https://www.gstatic.com/firebasejs/9.6.7/firebase-firestore/lite.js","storage":"https://www.gstatic.com/firebasejs/9.6.7/firebase-storage.js","performance":"https://www.gstatic.com/firebasejs/9.6.7/firebase-performance.js","remote-config":"https://www.gstatic.com/firebasejs/9.6.7/firebase-remote-config.js","messaging":"https://www.gstatic.com/firebasejs/9.6.7/firebase-messaging.js","messaging/sw":"https://www.gstatic.com/firebasejs/9.6.7/firebase-messaging/sw.js","database":"https://www.gstatic.com/firebasejs/9.6.7/firebase-database.js","firestore.memory":"https://www.gstatic.com/firebasejs/9.6.7/firebase-firestore.memory.js"}}
[debug] [2022-02-24T05:32:41.002Z] Error: ENOENT: no such file or directory, open 'D:\Practice\React Practices\linked-clone\build\index.html'
    at Object.openSync (node:fs:585:3)
    at Object.writeFileSync (node:fs:2153:35)
    at Object.createFileSync (C:\Users\ASUS\AppData\Roaming\npm\node_modules\firebase-tools\node_modules\fs-extra\lib\ensure\file.js:43:6)
    at Config.writeProjectFile (C:\Users\ASUS\AppData\Roaming\npm\node_modules\firebase-tools\lib\config.js:144:12)
    at C:\Users\ASUS\AppData\Roaming\npm\node_modules\firebase-tools\lib\config.js:162:22
    at processTicksAndRejections (node:internal/process/task_queues:96:5)
[error] 
[error] Error: An unexpected error has occurred.
[debug] [2022-02-24T05:35:16.547Z] ----------------------------------------------------------------------
[debug] [2022-02-24T05:35:16.549Z] Command:       D:\nodejs\node.exe C:\Users\ASUS\AppData\Roaming\npm\node_modules\firebase-tools\lib\bin\firebase.js init
[debug] [2022-02-24T05:35:16.549Z] CLI Version:   10.2.1
[debug] [2022-02-24T05:35:16.549Z] Platform:      win32
[debug] [2022-02-24T05:35:16.549Z] Node Version:  v16.13.0
[debug] [2022-02-24T05:35:16.551Z] Time:          Thu Feb 24 2022 11:05:16 GMT+0530 (India Standard Time)
[debug] [2022-02-24T05:35:16.551Z] ----------------------------------------------------------------------
[debug] 
[debug] [2022-02-24T05:35:16.635Z] > command requires scopes: ["email","openid","https://www.googleapis.com/auth/cloudplatformprojects.readonly","https://www.googleapis.com/auth/firebase","https://www.googleapis.com/auth/cloud-platform"]
[debug] [2022-02-24T05:35:16.636Z] > authorizing via signed-in user (rihanmohammed26@gmail.com)
[info] 
     ######## #### ########  ######## ########     ###     ######  ########
     ##        ##  ##     ## ##       ##     ##  ##   ##  ##       ##
     ######    ##  ########  ######   ########  #########  ######  ######
     ##        ##  ##    ##  ##       ##     ## ##     ##       ## ##
     ##       #### ##     ## ######## ########  ##     ##  ######  ########

You're about to initialize a Firebase project in this directory:

  D:\Practice\React Practices\linked-clone

Before we get started, keep in mind:

  * You are initializing within an existing Firebase project directory

[info] 
=== Project Setup
[info] 
[info] First, let's associate this project directory with a Firebase project.
[info] You can create multiple project aliases by running firebase use --add, 
[info] but for now we'll just set up a default project.
[info] 
[debug] [2022-02-24T05:35:37.460Z] Using project from CLI flag: linkedin-clone-1c1a6
[debug] [2022-02-24T05:35:37.463Z] >>> [apiv2][query] GET https://firebase.googleapis.com/v1beta1/projects/linkedin-clone-1c1a6 [none]
[debug] [2022-02-24T05:35:38.518Z] <<< [apiv2][status] GET https://firebase.googleapis.com/v1beta1/projects/linkedin-clone-1c1a6 200
[debug] [2022-02-24T05:35:38.519Z] <<< [apiv2][body] GET https://firebase.googleapis.com/v1beta1/projects/linkedin-clone-1c1a6 {"projectId":"linkedin-clone-1c1a6","projectNumber":"881900584881","displayName":"linkedin-clone","name":"projects/linkedin-clone-1c1a6","resources":{"hostingSite":"linkedin-clone-1c1a6","realtimeDatabaseInstance":"linkedin-clone-1c1a6-default-rtdb","storageBucket":"linkedin-clone-1c1a6.appspot.com","locationId":"us-central"},"state":"ACTIVE"}
[info] i  Using project linkedin-clone-1c1a6 (linkedin-clone) 
[info] 
=== Hosting Setup
[info] 
[info] Your public directory is the folder (relative to your project directory) that
[info] will contain Hosting assets to be uploaded with firebase deploy. If you
[info] have a build process for your assets, use your build's output directory.
[info] 
[debug] [2022-02-24T05:35:55.334Z] >>> [apiv2][query] GET https://www.gstatic.com/firebasejs/releases.json [none]
[debug] [2022-02-24T05:35:55.682Z] <<< [apiv2][status] GET https://www.gstatic.com/firebasejs/releases.json 200
[debug] [2022-02-24T05:35:55.683Z] <<< [apiv2][body] GET https://www.gstatic.com/firebasejs/releases.json {"current":{"version":"9.6.7","browserURL":"https://www.gstatic.com/firebasejs/9.6.7/firebase.js","packageURL":"https://www.gstatic.com/firebasejs/9.6.7/firebase.tgz"},"live":{"version":"9.6","browserURL":"https://www.gstatic.com/firebasejs/live/9.6/firebase.js","packageURL":"https://www.gstatic.com/firebasejs/live/9.6/firebase.tgz"},"components":{"analytics":"https://www.gstatic.com/firebasejs/9.6.7/firebase-analytics.js","app":"https://www.gstatic.com/firebasejs/9.6.7/firebase-app.js","app-check":"https://www.gstatic.com/firebasejs/9.6.7/firebase-app-check.js","auth":"https://www.gstatic.com/firebasejs/9.6.7/firebase-auth.js","auth/cordova":"https://www.gstatic.com/firebasejs/9.6.7/firebase-auth/cordova.js","auth/react-native":"https://www.gstatic.com/firebasejs/9.6.7/firebase-auth/react-native.js","functions":"https://www.gstatic.com/firebasejs/9.6.7/firebase-functions.js","firestore":"https://www.gstatic.com/firebasejs/9.6.7/firebase-firestore.js","firestore/lite":"https://www.gstatic.com/firebasejs/9.6.7/firebase-firestore/lite.js","storage":"https://www.gstatic.com/firebasejs/9.6.7/firebase-storage.js","performance":"https://www.gstatic.com/firebasejs/9.6.7/firebase-performance.js","remote-config":"https://www.gstatic.com/firebasejs/9.6.7/firebase-remote-config.js","messaging":"https://www.gstatic.com/firebasejs/9.6.7/firebase-messaging.js","messaging/sw":"https://www.gstatic.com/firebasejs/9.6.7/firebase-messaging/sw.js","database":"https://www.gstatic.com/firebasejs/9.6.7/firebase-database.js","firestore.memory":"https://www.gstatic.com/firebasejs/9.6.7/firebase-firestore.memory.js"}}
[debug] [2022-02-24T05:35:56.082Z] Error: ENOENT: no such file or directory, open 'D:\Practice\React Practices\linked-clone\build\index.html'
    at Object.openSync (node:fs:585:3)
    at Object.writeFileSync (node:fs:2153:35)
    at Object.createFileSync (C:\Users\ASUS\AppData\Roaming\npm\node_modules\firebase-tools\node_modules\fs-extra\lib\ensure\file.js:43:6)
    at Config.writeProjectFile (C:\Users\ASUS\AppData\Roaming\npm\node_modules\firebase-tools\lib\config.js:144:12)
    at C:\Users\ASUS\AppData\Roaming\npm\node_modules\firebase-tools\lib\config.js:162:22
    at processTicksAndRejections (node:internal/process/task_queues:96:5)
[error] 
[error] Error: An unexpected error has occurred.
